#
# There is insufficient memory for the Java Runtime Environment to continue.
# Native memory allocation (malloc) failed to allocate 32744 bytes for ChunkPool::allocate
# Possible reasons:
#   The system is out of physical RAM or swap space
#   In 32 bit mode, the process size limit was hit
# Possible solutions:
#   Reduce memory load on the system
#   Increase physical memory or swap space
#   Check if swap backing store is full
#   Use 64 bit Java on a 64 bit OS
#   Decrease Java heap size (-Xmx/-Xms)
#   Decrease number of Java threads
#   Decrease Java thread stack sizes (-Xss)
#   Set larger code cache with -XX:ReservedCodeCacheSize=
# This output file may be truncated or incomplete.
#
#  Out of Memory Error (allocation.cpp:273), pid=84892, tid=0x0000000000014ea8
#
# JRE version: Java(TM) SE Runtime Environment (8.0_141-b15) (build 1.8.0_141-b15)
# Java VM: Java HotSpot(TM) 64-Bit Server VM (25.141-b15 mixed mode windows-amd64 compressed oops)
# Failed to write core dump. Minidumps are not enabled by default on client versions of Windows
#

---------------  T H R E A D  ---------------

Current thread (0x000000001c73c800):  JavaThread "JavaFX Application Thread" [_thread_in_vm, id=85672, stack(0x000000001d550000,0x000000001d650000)]

Stack: [0x000000001d550000,0x000000001d650000]
[error occurred during error reporting (printing stack bounds), id 0xc0000005]

Native frames: (J=compiled Java code, j=interpreted, Vv=VM code, C=native code)

Java frames: (J=compiled Java code, j=interpreted, Vv=VM code)
j  com.sun.javafx.tk.quantum.WindowStage.setVisible(Z)V+105
j  javafx.stage.Window$9.invalidated()V+408
J 2140 C2 javafx.beans.property.BooleanPropertyBase.set(Z)V (110 bytes) @ 0x0000000004a2e808 [0x0000000004a2e7a0+0x68]
j  javafx.stage.Window.setShowing(Z)V+11
j  javafx.stage.Window.show()V+2
j  javafx.stage.Stage.show()V+1
j  br.ufrpe.geekMart.gui.controller.Main.start(Ljavafx/stage/Stage;)V+2283
j  com.sun.javafx.application.LauncherImpl.lambda$launchApplication1$162(Ljava/util/concurrent/atomic/AtomicBoolean;Ljavafx/application/Application;)V+20
j  com.sun.javafx.application.LauncherImpl$$Lambda$56.run()V+8
j  com.sun.javafx.application.PlatformImpl.lambda$runAndWait$175(Ljava/lang/Runnable;Ljava/util/concurrent/CountDownLatch;)V+1
j  com.sun.javafx.application.PlatformImpl$$Lambda$47.run()V+8
j  com.sun.javafx.application.PlatformImpl.lambda$null$173(Ljava/lang/Runnable;)Ljava/lang/Void;+1
j  com.sun.javafx.application.PlatformImpl$$Lambda$50.run()Ljava/lang/Object;+4
v  ~StubRoutines::call_stub
j  java.security.AccessController.doPrivileged(Ljava/security/PrivilegedAction;Ljava/security/AccessControlContext;)Ljava/lang/Object;+0
j  com.sun.javafx.application.PlatformImpl.lambda$runLater$174(Ljava/lang/Runnable;Ljava/security/AccessControlContext;)V+7
j  com.sun.javafx.application.PlatformImpl$$Lambda$48.run()V+8
j  com.sun.glass.ui.InvokeLaterDispatcher$Future.run()V+4
v  ~StubRoutines::call_stub
j  com.sun.glass.ui.win.WinApplication._runLoop(Ljava/lang/Runnable;)V+0
j  com.sun.glass.ui.win.WinApplication.lambda$null$148(ILjava/lang/Runnable;)V+8
j  com.sun.glass.ui.win.WinApplication$$Lambda$38.run()V+12
j  java.lang.Thread.run()V+11
v  ~StubRoutines::call_stub

---------------  P R O C E S S  ---------------

Java Threads: ( => current thread )
  0x000000001cb27800 JavaThread "Prism Font Disposer" daemon [_thread_blocked, id=85136, stack(0x0000000025be0000,0x0000000025ce0000)]
  0x000000001cb25000 JavaThread "JFXMedia Player EventQueueThread" daemon [_thread_blocked, id=83648, stack(0x0000000023640000,0x0000000023740000)]
  0x00000000205a2000 JavaThread "Thread-4" daemon [_thread_blocked, id=84948, stack(0x0000000023050000,0x0000000023150000)]
  0x00000000205a1800 JavaThread "Media Resource Disposer" daemon [_thread_blocked, id=83068, stack(0x0000000020bc0000,0x0000000020cc0000)]
  0x000000001c773800 JavaThread "JavaFX-Launcher" [_thread_blocked, id=80728, stack(0x000000001f2f0000,0x000000001f3f0000)]
  0x000000001c786800 JavaThread "Thread-2" daemon [_thread_in_native, id=77164, stack(0x000000001f0f0000,0x000000001f1f0000)]
=>0x000000001c73c800 JavaThread "JavaFX Application Thread" [_thread_in_vm, id=85672, stack(0x000000001d550000,0x000000001d650000)]
  0x000000001c6e7000 JavaThread "Thread-1" daemon [_thread_blocked, id=80748, stack(0x000000001d450000,0x000000001d550000)]
  0x000000001c6d4000 JavaThread "QuantumRenderer-0" daemon [_thread_blocked, id=85192, stack(0x000000001ce40000,0x000000001cf40000)]
  0x000000001b894800 JavaThread "Service Thread" daemon [_thread_blocked, id=85584, stack(0x000000001c440000,0x000000001c540000)]
  0x000000001b810800 JavaThread "C1 CompilerThread3" daemon [_thread_blocked, id=85056, stack(0x000000001c340000,0x000000001c440000)]
  0x000000001b807800 JavaThread "C2 CompilerThread2" daemon [_thread_in_native, id=84548, stack(0x000000001c240000,0x000000001c340000)]
  0x000000001b806800 JavaThread "C2 CompilerThread1" daemon [_thread_in_native, id=85804, stack(0x000000001c140000,0x000000001c240000)]
  0x000000001b806000 JavaThread "C2 CompilerThread0" daemon [_thread_blocked, id=80980, stack(0x000000001c040000,0x000000001c140000)]
  0x000000001b809800 JavaThread "Monitor Ctrl-Break" daemon [_thread_in_native, id=85188, stack(0x000000001bf40000,0x000000001c040000)]
  0x000000001b768800 JavaThread "Attach Listener" daemon [_thread_blocked, id=84260, stack(0x000000001be40000,0x000000001bf40000)]
  0x000000001b767000 JavaThread "Signal Dispatcher" daemon [_thread_blocked, id=85416, stack(0x000000001bd40000,0x000000001be40000)]
  0x00000000048d9000 JavaThread "Finalizer" daemon [_thread_blocked, id=84920, stack(0x000000001bb40000,0x000000001bc40000)]
  0x00000000048d8000 JavaThread "Reference Handler" daemon [_thread_blocked, id=85600, stack(0x000000001b640000,0x000000001b740000)]
  0x00000000047e2800 JavaThread "main" [_thread_blocked, id=66000, stack(0x00000000044f0000,0x00000000045f0000)]

Other Threads:
  0x0000000019859000 VMThread [stack: 0x000000001b540000,0x000000001b640000] [id=80292]
  0x000000001b89f000 WatcherThread [stack: 0x000000001c540000,0x000000001c640000] [id=84480]

VM state:not at safepoint (normal execution)

VM Mutex/Monitor currently owned by a thread: None

Heap:
 PSYoungGen      total 118272K, used 5801K [0x00000000d5f00000, 0x00000000e2000000, 0x0000000100000000)
  eden space 100864K, 5% used [0x00000000d5f00000,0x00000000d64aa6e0,0x00000000dc180000)
  from space 17408K, 0% used [0x00000000dc180000,0x00000000dc180000,0x00000000dd280000)
  to   space 17920K, 0% used [0x00000000e0e80000,0x00000000e0e80000,0x00000000e2000000)
 ParOldGen       total 126976K, used 62819K [0x0000000081c00000, 0x0000000089800000, 0x00000000d5f00000)
  object space 126976K, 49% used [0x0000000081c00000,0x0000000085958f38,0x0000000089800000)
 Metaspace       used 20826K, capacity 22082K, committed 22144K, reserved 1069056K
  class space    used 2945K, capacity 3172K, committed 3200K, reserved 1048576K

Card table byte_map: [0x0000000013ca0000,0x00000000140a0000] byte_map_base: 0x0000000013892000

Marking Bits: (ParMarkBitMap*) 0x000000006f6cd850
 Begin Bits: [0x0000000014b50000, 0x0000000016ae0000)
 End Bits:   [0x0000000016ae0000, 0x0000000018a70000)

Polling page: 0x00000000045f0000

CodeCache: size=245760Kb used=9698Kb max_used=9854Kb free=236061Kb
 bounds [0x00000000048e0000, 0x00000000052a0000, 0x00000000138e0000]
 total_blobs=3256 nmethods=2610 adapters=558
 compilation: enabled

Compilation events (10 events):
Event: 16.293 Thread 0x000000001b810800 nmethod 2900 0x0000000004fae5d0 code [0x0000000004fae740, 0x0000000004fae990]
Event: 16.293 Thread 0x000000001b810800 2901       3       jdk.internal.org.objectweb.asm.MethodVisitor::visitCode (15 bytes)
Event: 16.293 Thread 0x000000001b810800 nmethod 2901 0x0000000004d08a90 code [0x0000000004d08c00, 0x0000000004d08e68]
Event: 16.298 Thread 0x000000001b810800 2902       3       java.lang.invoke.MethodHandles$Lookup::getDirectMethodForConstant (70 bytes)
Event: 16.301 Thread 0x000000001b810800 nmethod 2902 0x0000000004facd50 code [0x0000000004facfc0, 0x0000000004fadec8]
Event: 16.301 Thread 0x000000001b810800 2903       3       java.lang.invoke.MethodHandles$Lookup::getDirectMethodNoSecurityManager (12 bytes)
Event: 16.301 Thread 0x000000001b810800 nmethod 2903 0x0000000004fac990 code [0x0000000004facb00, 0x0000000004facca8]
Event: 16.321 Thread 0x000000001b806000 nmethod 2884 0x0000000004fc1850 code [0x0000000004fc1ae0, 0x0000000004fc2618]
Event: 16.321 Thread 0x000000001b806000 2895       4       javafx.beans.property.DoublePropertyBase::fireValueChangedEvent (8 bytes)
Event: 16.322 Thread 0x000000001b806000 nmethod 2895 0x0000000004fc4490 code [0x0000000004fc45c0, 0x0000000004fc4658]

GC Heap History (10 events):
Event: 10.231 GC heap before
{Heap before GC invocations=8 (full 0):
 PSYoungGen      total 49152K, used 44333K [0x00000000d5f00000, 0x00000000dbf00000, 0x0000000100000000)
  eden space 31744K, 100% used [0x00000000d5f00000,0x00000000d7e00000,0x00000000d7e00000)
  from space 17408K, 72% used [0x00000000d7e00000,0x00000000d8a4b750,0x00000000d8f00000)
  to   space 17408K, 0% used [0x00000000dae00000,0x00000000dae00000,0x00000000dbf00000)
 ParOldGen       total 87552K, used 30784K [0x0000000081c00000, 0x0000000087180000, 0x00000000d5f00000)
  object space 87552K, 35% used [0x0000000081c00000,0x0000000083a103e0,0x0000000087180000)
 Metaspace       used 16320K, capacity 17030K, committed 17152K, reserved 1064960K
  class space    used 2117K, capacity 2278K, committed 2304K, reserved 1048576K
Event: 10.378 GC heap after
Heap after GC invocations=8 (full 0):
 PSYoungGen      total 80384K, used 14371K [0x00000000d5f00000, 0x00000000dc000000, 0x0000000100000000)
  eden space 62976K, 0% used [0x00000000d5f00000,0x00000000d5f00000,0x00000000d9c80000)
  from space 17408K, 82% used [0x00000000dae00000,0x00000000dbc08c90,0x00000000dbf00000)
  to   space 17920K, 0% used [0x00000000d9c80000,0x00000000d9c80000,0x00000000dae00000)
 ParOldGen       total 87552K, used 31533K [0x0000000081c00000, 0x0000000087180000, 0x00000000d5f00000)
  object space 87552K, 36% used [0x0000000081c00000,0x0000000083acb4f0,0x0000000087180000)
 Metaspace       used 16320K, capacity 17030K, committed 17152K, reserved 1064960K
  class space    used 2117K, capacity 2278K, committed 2304K, reserved 1048576K
}
Event: 12.839 GC heap before
{Heap before GC invocations=9 (full 0):
 PSYoungGen      total 80384K, used 77347K [0x00000000d5f00000, 0x00000000dc000000, 0x0000000100000000)
  eden space 62976K, 100% used [0x00000000d5f00000,0x00000000d9c80000,0x00000000d9c80000)
  from space 17408K, 82% used [0x00000000dae00000,0x00000000dbc08c90,0x00000000dbf00000)
  to   space 17920K, 0% used [0x00000000d9c80000,0x00000000d9c80000,0x00000000dae00000)
 ParOldGen       total 87552K, used 31533K [0x0000000081c00000, 0x0000000087180000, 0x00000000d5f00000)
  object space 87552K, 36% used [0x0000000081c00000,0x0000000083acb4f0,0x0000000087180000)
 Metaspace       used 16466K, capacity 17138K, committed 17280K, reserved 1064960K
  class space    used 2127K, capacity 2310K, committed 2432K, reserved 1048576K
Event: 12.851 GC heap after
Heap after GC invocations=9 (full 0):
 PSYoungGen      total 80896K, used 12717K [0x00000000d5f00000, 0x00000000de480000, 0x0000000100000000)
  eden space 62976K, 0% used [0x00000000d5f00000,0x00000000d5f00000,0x00000000d9c80000)
  from space 17920K, 70% used [0x00000000d9c80000,0x00000000da8eb560,0x00000000dae00000)
  to   space 17920K, 0% used [0x00000000dd300000,0x00000000dd300000,0x00000000de480000)
 ParOldGen       total 87552K, used 39558K [0x0000000081c00000, 0x0000000087180000, 0x00000000d5f00000)
  object space 87552K, 45% used [0x0000000081c00000,0x00000000842a1ae0,0x0000000087180000)
 Metaspace       used 16466K, capacity 17138K, committed 17280K, reserved 1064960K
  class space    used 2127K, capacity 2310K, committed 2432K, reserved 1048576K
}
Event: 13.659 GC heap before
{Heap before GC invocations=10 (full 0):
 PSYoungGen      total 80896K, used 75693K [0x00000000d5f00000, 0x00000000de480000, 0x0000000100000000)
  eden space 62976K, 100% used [0x00000000d5f00000,0x00000000d9c80000,0x00000000d9c80000)
  from space 17920K, 70% used [0x00000000d9c80000,0x00000000da8eb560,0x00000000dae00000)
  to   space 17920K, 0% used [0x00000000dd300000,0x00000000dd300000,0x00000000de480000)
 ParOldGen       total 87552K, used 39558K [0x0000000081c00000, 0x0000000087180000, 0x00000000d5f00000)
  object space 87552K, 45% used [0x0000000081c00000,0x00000000842a1ae0,0x0000000087180000)
 Metaspace       used 16593K, capacity 17330K, committed 17536K, reserved 1064960K
  class space    used 2138K, capacity 2310K, committed 2432K, reserved 1048576K
Event: 13.679 GC heap after
Heap after GC invocations=10 (full 0):
 PSYoungGen      total 117760K, used 12407K [0x00000000d5f00000, 0x00000000de380000, 0x0000000100000000)
  eden space 100864K, 0% used [0x00000000d5f00000,0x00000000d5f00000,0x00000000dc180000)
  from space 16896K, 73% used [0x00000000dd300000,0x00000000ddf1dd80,0x00000000de380000)
  to   space 17408K, 0% used [0x00000000dc180000,0x00000000dc180000,0x00000000dd280000)
 ParOldGen       total 87552K, used 45888K [0x0000000081c00000, 0x0000000087180000, 0x00000000d5f00000)
  object space 87552K, 52% used [0x0000000081c00000,0x00000000848d0180,0x0000000087180000)
 Metaspace       used 16593K, capacity 17330K, committed 17536K, reserved 1064960K
  class space    used 2138K, capacity 2310K, committed 2432K, reserved 1048576K
}
Event: 15.468 GC heap before
{Heap before GC invocations=11 (full 0):
 PSYoungGen      total 117760K, used 77411K [0x00000000d5f00000, 0x00000000de380000, 0x0000000100000000)
  eden space 100864K, 64% used [0x00000000d5f00000,0x00000000d9e7aff0,0x00000000dc180000)
  from space 16896K, 73% used [0x00000000dd300000,0x00000000ddf1dd80,0x00000000de380000)
  to   space 17408K, 0% used [0x00000000dc180000,0x00000000dc180000,0x00000000dd280000)
 ParOldGen       total 87552K, used 45888K [0x0000000081c00000, 0x0000000087180000, 0x00000000d5f00000)
  object space 87552K, 52% used [0x0000000081c00000,0x00000000848d0180,0x0000000087180000)
 Metaspace       used 20069K, capacity 21200K, committed 21248K, reserved 1067008K
  class space    used 2794K, capacity 3039K, committed 3072K, reserved 1048576K
Event: 15.495 GC heap after
Heap after GC invocations=11 (full 0):
 PSYoungGen      total 118272K, used 5571K [0x00000000d5f00000, 0x00000000e2000000, 0x0000000100000000)
  eden space 100864K, 0% used [0x00000000d5f00000,0x00000000d5f00000,0x00000000dc180000)
  from space 17408K, 32% used [0x00000000dc180000,0x00000000dc6f0ff8,0x00000000dd280000)
  to   space 17920K, 0% used [0x00000000e0e80000,0x00000000e0e80000,0x00000000e2000000)
 ParOldGen       total 87552K, used 58167K [0x0000000081c00000, 0x0000000087180000, 0x00000000d5f00000)
  object space 87552K, 66% used [0x0000000081c00000,0x00000000854cdf10,0x0000000087180000)
 Metaspace       used 20069K, capacity 21200K, committed 21248K, reserved 1067008K
  class space    used 2794K, capacity 3039K, committed 3072K, reserved 1048576K
}
Event: 15.495 GC heap before
{Heap before GC invocations=12 (full 1):
 PSYoungGen      total 118272K, used 5571K [0x00000000d5f00000, 0x00000000e2000000, 0x0000000100000000)
  eden space 100864K, 0% used [0x00000000d5f00000,0x00000000d5f00000,0x00000000dc180000)
  from space 17408K, 32% used [0x00000000dc180000,0x00000000dc6f0ff8,0x00000000dd280000)
  to   space 17920K, 0% used [0x00000000e0e80000,0x00000000e0e80000,0x00000000e2000000)
 ParOldGen       total 87552K, used 58167K [0x0000000081c00000, 0x0000000087180000, 0x00000000d5f00000)
  object space 87552K, 66% used [0x0000000081c00000,0x00000000854cdf10,0x0000000087180000)
 Metaspace       used 20069K, capacity 21200K, committed 21248K, reserved 1067008K
  class space    used 2794K, capacity 3039K, committed 3072K, reserved 1048576K
Event: 16.036 GC heap after
Heap after GC invocations=12 (full 1):
 PSYoungGen      total 118272K, used 0K [0x00000000d5f00000, 0x00000000e2000000, 0x0000000100000000)
  eden space 100864K, 0% used [0x00000000d5f00000,0x00000000d5f00000,0x00000000dc180000)
  from space 17408K, 0% used [0x00000000dc180000,0x00000000dc180000,0x00000000dd280000)
  to   space 17920K, 0% used [0x00000000e0e80000,0x00000000e0e80000,0x00000000e2000000)
 ParOldGen       total 126976K, used 62819K [0x0000000081c00000, 0x0000000089800000, 0x00000000d5f00000)
  object space 126976K, 49% used [0x0000000081c00000,0x0000000085958f38,0x0000000089800000)
 Metaspace       used 20069K, capacity 21200K, committed 21248K, reserved 1067008K
  class space    used 2794K, capacity 3039K, committed 3072K, reserved 1048576K
}

Deoptimization events (10 events):
Event: 16.117 Thread 0x000000001c73c800 Uncommon trap: reason=unstable_if action=reinterpret pc=0x0000000005266d1c method=com.sun.javafx.css.BitSet.addAll(Ljava/util/Collection;)Z @ 1
Event: 16.144 Thread 0x000000001c73c800 Uncommon trap: reason=unstable_if action=reinterpret pc=0x00000000051abd90 method=java.util.HashMap.isEmpty()Z @ 4
Event: 16.171 Thread 0x000000001c73c800 Uncommon trap: reason=unstable_if action=reinterpret pc=0x0000000005208180 method=java.util.WeakHashMap.expungeStaleEntries()V @ 9
Event: 16.269 Thread 0x000000001c73c800 Uncommon trap: reason=unstable_if action=reinterpret pc=0x00000000049f2af8 method=javafx.scene.Parent.clearSizeCache()V @ 4
Event: 16.275 Thread 0x000000001c73c800 Uncommon trap: reason=unstable_if action=reinterpret pc=0x0000000004b71198 method=javafx.scene.Parent.clearSizeCache()V @ 4
Event: 16.275 Thread 0x000000001c73c800 Uncommon trap: reason=bimorphic action=maybe_recompile pc=0x0000000004cce290 method=com.sun.javafx.binding.ExpressionHelper.fireValueChangedEvent(Lcom/sun/javafx/binding/ExpressionHelper;)V @ 5
Event: 16.281 Thread 0x000000001c73c800 Uncommon trap: reason=bimorphic action=maybe_recompile pc=0x0000000004cce290 method=com.sun.javafx.binding.ExpressionHelper.fireValueChangedEvent(Lcom/sun/javafx/binding/ExpressionHelper;)V @ 5
Event: 16.284 Thread 0x000000001c73c800 Uncommon trap: reason=bimorphic action=maybe_recompile pc=0x0000000004cce290 method=com.sun.javafx.binding.ExpressionHelper.fireValueChangedEvent(Lcom/sun/javafx/binding/ExpressionHelper;)V @ 5
Event: 16.285 Thread 0x000000001c73c800 Uncommon trap: reason=bimorphic action=maybe_recompile pc=0x0000000004cce290 method=com.sun.javafx.binding.ExpressionHelper.fireValueChangedEvent(Lcom/sun/javafx/binding/ExpressionHelper;)V @ 5
Event: 16.295 Thread 0x000000001c73c800 Uncommon trap: reason=unstable_if action=reinterpret pc=0x0000000004ccd28c method=javafx.beans.property.DoublePropertyBase.markInvalid()V @ 4

Internal exceptions (10 events):
Event: 3.886 Thread 0x000000001c73c800 Exception <a 'java/lang/NoSuchMethodError': <clinit>> (0x00000000d6a7b838) thrown at [C:\re\workspace\8-2-build-windows-amd64-cygwin\jdk8u141\9370\hotspot\src\share\vm\prims\jni.cpp, line 1613]
Event: 3.888 Thread 0x000000001c73c800 Exception <a 'java/lang/NoSuchMethodError': <clinit>> (0x00000000d6a84340) thrown at [C:\re\workspace\8-2-build-windows-amd64-cygwin\jdk8u141\9370\hotspot\src\share\vm\prims\jni.cpp, line 1613]
Event: 4.135 Thread 0x000000001c73c800 Exception <a 'java/lang/NoSuchMethodError': <clinit>> (0x00000000d6c67590) thrown at [C:\re\workspace\8-2-build-windows-amd64-cygwin\jdk8u141\9370\hotspot\src\share\vm\prims\jni.cpp, line 1613]
Event: 4.198 Thread 0x000000001c73c800 Exception <a 'java/lang/NoSuchMethodError': <clinit>> (0x00000000d6c871f8) thrown at [C:\re\workspace\8-2-build-windows-amd64-cygwin\jdk8u141\9370\hotspot\src\share\vm\prims\jni.cpp, line 1613]
Event: 4.281 Thread 0x000000001c73c800 Exception <a 'java/lang/NoSuchMethodError': <clinit>> (0x00000000d6c89108) thrown at [C:\re\workspace\8-2-build-windows-amd64-cygwin\jdk8u141\9370\hotspot\src\share\vm\prims\jni.cpp, line 1613]
Event: 14.322 Thread 0x000000001c73c800 Exception <a 'java/lang/UnsatisfiedLinkError': com.sun.media.jfxmediaimpl.NativeAudioClip.nacInit()Z> (0x00000000d890c8c8) thrown at [C:\re\workspace\8-2-build-windows-amd64-cygwin\jdk8u141\9370\hotspot\src\share\vm\prims\nativeLookup.cpp, line 378]
Event: 14.324 Thread 0x000000001c73c800 Exception <a 'java/lang/UnsatisfiedLinkError': com.sun.media.jfxmedia.logging.Logger.nativeSetNativeLevel(I)V> (0x00000000d8910dd0) thrown at [C:\re\workspace\8-2-build-windows-amd64-cygwin\jdk8u141\9370\hotspot\src\share\vm\prims\nativeLookup.cpp, line 3
Event: 14.364 Thread 0x000000001c73c800 Implicit null exception at 0x0000000004bcbb96 to 0x0000000004bcbf31
Event: 14.364 Thread 0x000000001c73c800 Implicit null exception at 0x0000000004af53d6 to 0x0000000004af576d
Event: 16.117 Thread 0x000000001c73c800 Implicit null exception at 0x00000000052667f1 to 0x0000000005266d05

Events (10 events):
Event: 16.284 Thread 0x000000001c73c800 DEOPT PACKING pc=0x0000000004cce290 sp=0x000000001d64cf20
Event: 16.284 Thread 0x000000001c73c800 DEOPT UNPACKING pc=0x000000000492582a sp=0x000000001d64ce58 mode 2
Event: 16.285 Thread 0x000000001c73c800 Uncommon trap: trap_request=0xffffffc6 fr.pc=0x0000000004cce290
Event: 16.285 Thread 0x000000001c73c800 DEOPT PACKING pc=0x0000000004cce290 sp=0x000000001d64cf20
Event: 16.285 Thread 0x000000001c73c800 DEOPT UNPACKING pc=0x000000000492582a sp=0x000000001d64ce58 mode 2
Event: 16.289 loading class com/sun/javafx/tk/quantum/GlassViewEventHandler$ViewEventNotification
Event: 16.289 loading class com/sun/javafx/tk/quantum/GlassViewEventHandler$ViewEventNotification done
Event: 16.295 Thread 0x000000001c73c800 Uncommon trap: trap_request=0xffffff65 fr.pc=0x0000000004ccd28c
Event: 16.295 Thread 0x000000001c73c800 DEOPT PACKING pc=0x0000000004ccd28c sp=0x000000001d64ae00
Event: 16.295 Thread 0x000000001c73c800 DEOPT UNPACKING pc=0x000000000492582a sp=0x000000001d64ad50 mode 2


Dynamic libraries:
0x00007ff786b10000 - 0x00007ff786b47000 	C:\Program Files\Java\jdk1.8.0_141\bin\java.exe
0x00007ffccc160000 - 0x00007ffccc340000 	C:\WINDOWS\SYSTEM32\ntdll.dll
0x00007ffcca6a0000 - 0x00007ffcca74e000 	C:\WINDOWS\System32\KERNEL32.DLL
0x00007ffcc93c0000 - 0x00007ffcc9626000 	C:\WINDOWS\System32\KERNELBASE.dll
0x00007ffcc9ac0000 - 0x00007ffcc9b61000 	C:\WINDOWS\System32\ADVAPI32.dll
0x00007ffcca090000 - 0x00007ffcca12d000 	C:\WINDOWS\System32\msvcrt.dll
0x00007ffcc9d40000 - 0x00007ffcc9d9b000 	C:\WINDOWS\System32\sechost.dll
0x00007ffcc98e0000 - 0x00007ffcc99ff000 	C:\WINDOWS\System32\RPCRT4.dll
0x00007ffcc9da0000 - 0x00007ffcc9f2f000 	C:\WINDOWS\System32\USER32.dll
0x00007ffcc9180000 - 0x00007ffcc91a0000 	C:\WINDOWS\System32\win32u.dll
0x00007ffcc9f30000 - 0x00007ffcc9f58000 	C:\WINDOWS\System32\GDI32.dll
0x00007ffcc8640000 - 0x00007ffcc87d3000 	C:\WINDOWS\System32\gdi32full.dll
0x00007ffcc90e0000 - 0x00007ffcc917b000 	C:\WINDOWS\System32\msvcp_win.dll
0x00007ffcc87e0000 - 0x00007ffcc88d6000 	C:\WINDOWS\System32\ucrtbase.dll
0x00007ffcc23b0000 - 0x00007ffcc2619000 	C:\WINDOWS\WinSxS\amd64_microsoft.windows.common-controls_6595b64144ccf1df_6.0.16299.192_none_15c8cdae9364c23b\COMCTL32.dll
0x00007ffccbe20000 - 0x00007ffccc128000 	C:\WINDOWS\System32\combase.dll
0x00007ffcc8560000 - 0x00007ffcc85d2000 	C:\WINDOWS\System32\bcryptPrimitives.dll
0x00007ffcc9b70000 - 0x00007ffcc9b9d000 	C:\WINDOWS\System32\IMM32.DLL
0x00000000712a0000 - 0x0000000071372000 	C:\Program Files\Java\jdk1.8.0_141\jre\bin\msvcr100.dll
0x000000006eeb0000 - 0x000000006f74d000 	C:\Program Files\Java\jdk1.8.0_141\jre\bin\server\jvm.dll
0x00007ffcca130000 - 0x00007ffcca138000 	C:\WINDOWS\System32\PSAPI.DLL
0x00007ffcc43a0000 - 0x00007ffcc43a9000 	C:\WINDOWS\SYSTEM32\WSOCK32.dll
0x00007ffccbdb0000 - 0x00007ffccbe1c000 	C:\WINDOWS\System32\WS2_32.dll
0x00007ffcc4ca0000 - 0x00007ffcc4cc3000 	C:\WINDOWS\SYSTEM32\WINMM.dll
0x00007ffcb9290000 - 0x00007ffcb929a000 	C:\WINDOWS\SYSTEM32\VERSION.dll
0x00007ffcc4c70000 - 0x00007ffcc4c9a000 	C:\WINDOWS\SYSTEM32\WINMMBASE.dll
0x00007ffcc9370000 - 0x00007ffcc93ba000 	C:\WINDOWS\System32\cfgmgr32.dll
0x0000000071290000 - 0x000000007129f000 	C:\Program Files\Java\jdk1.8.0_141\jre\bin\verify.dll
0x0000000071260000 - 0x0000000071289000 	C:\Program Files\Java\jdk1.8.0_141\jre\bin\java.dll
0x00000000704e0000 - 0x0000000070503000 	C:\Program Files\Java\jdk1.8.0_141\jre\bin\instrument.dll
0x0000000070510000 - 0x0000000070526000 	C:\Program Files\Java\jdk1.8.0_141\jre\bin\zip.dll
0x00007ffcca970000 - 0x00007ffccbda6000 	C:\WINDOWS\System32\SHELL32.dll
0x00007ffcca1a0000 - 0x00007ffcca246000 	C:\WINDOWS\System32\shcore.dll
0x00007ffcc8990000 - 0x00007ffcc90d7000 	C:\WINDOWS\System32\windows.storage.dll
0x00007ffcca140000 - 0x00007ffcca191000 	C:\WINDOWS\System32\shlwapi.dll
0x00007ffcc8520000 - 0x00007ffcc8531000 	C:\WINDOWS\System32\kernel.appcore.dll
0x00007ffcc84b0000 - 0x00007ffcc84fc000 	C:\WINDOWS\System32\powrprof.dll
0x00007ffcc8500000 - 0x00007ffcc851b000 	C:\WINDOWS\System32\profapi.dll
0x00007ffcc5320000 - 0x00007ffcc533a000 	C:\Program Files\JetBrains\IntelliJ IDEA 2017.3.1\bin\breakgen64.dll
0x00000000704c0000 - 0x00000000704da000 	C:\Program Files\Java\jdk1.8.0_141\jre\bin\net.dll
0x00007ffcc7ce0000 - 0x00007ffcc7d46000 	C:\WINDOWS\system32\mswsock.dll
0x00007ffca78c0000 - 0x00007ffca79af000 	C:\Program Files\Java\jdk1.8.0_141\jre\bin\msvcr120.dll
0x00007ffca2690000 - 0x00007ffca2736000 	C:\Program Files\Java\jdk1.8.0_141\jre\bin\msvcp120.dll
0x0000000070490000 - 0x00000000704b2000 	C:\Program Files\Java\jdk1.8.0_141\jre\bin\prism_d3d.dll
0x00007ffc8b9f0000 - 0x00007ffc8bb85000 	C:\WINDOWS\system32\d3d9.dll
0x00007ffcc6d60000 - 0x00007ffcc6d8a000 	C:\WINDOWS\SYSTEM32\dwmapi.dll
0x00007ffcc6a30000 - 0x00007ffcc6ac5000 	C:\WINDOWS\system32\uxtheme.dll
0x00007ffc8acc0000 - 0x00007ffc8b72e000 	C:\WINDOWS\SYSTEM32\igdumdim64.dll
0x00007ffcbe2e0000 - 0x00007ffcbe73f000 	C:\WINDOWS\SYSTEM32\igdusc64.dll
0x0000000070440000 - 0x0000000070483000 	C:\Program Files\Java\jdk1.8.0_141\jre\bin\glass.dll
0x00007ffcc97a0000 - 0x00007ffcc98aa000 	C:\WINDOWS\System32\COMDLG32.dll
0x00007ffcca750000 - 0x00007ffcca899000 	C:\WINDOWS\System32\ole32.dll
0x00007ffcca8a0000 - 0x00007ffcca965000 	C:\WINDOWS\System32\OLEAUT32.dll
0x00007ffcc9630000 - 0x00007ffcc9797000 	C:\WINDOWS\System32\MSCTF.dll
0x00000000703e0000 - 0x00000000703f4000 	C:\Program Files\Java\jdk1.8.0_141\jre\bin\javafx_font.dll
0x00007ffcaa6a0000 - 0x00007ffcaa9af000 	C:\WINDOWS\SYSTEM32\dwrite.dll
0x00000000703b0000 - 0x00000000703d3000 	C:\Program Files\Java\jdk1.8.0_141\jre\bin\javafx_iio.dll
0x000000006ee30000 - 0x000000006eea3000 	C:\Program Files\Java\jdk1.8.0_141\jre\bin\glib-lite.dll
0x000000006ed90000 - 0x000000006ee2c000 	C:\Program Files\Java\jdk1.8.0_141\jre\bin\gstreamer-lite.dll
0x00007ffcaf260000 - 0x00007ffcaf2ef000 	C:\WINDOWS\SYSTEM32\DSOUND.dll
0x000000006ed60000 - 0x000000006ed85000 	C:\Program Files\Java\jdk1.8.0_141\jre\bin\jfxmedia.dll
0x00007ffcc83e0000 - 0x00007ffcc8410000 	C:\WINDOWS\SYSTEM32\SspiCli.dll
0x000000006ed20000 - 0x000000006ed51000 	C:\Program Files\Java\jdk1.8.0_141\jre\bin\fxplugins.dll
0x00007ffcc9f70000 - 0x00007ffcca00e000 	C:\WINDOWS\System32\clbcatq.dll
0x00007ffcc4440000 - 0x00007ffcc45eb000 	C:\WINDOWS\SYSTEM32\WindowsCodecs.dll
0x00007ffcbd700000 - 0x00007ffcbd76f000 	C:\WINDOWS\System32\MMDevApi.dll
0x00007ffcc7f00000 - 0x00007ffcc7f27000 	C:\WINDOWS\System32\DEVOBJ.dll
0x00007ffcbfd90000 - 0x00007ffcbff41000 	C:\WINDOWS\System32\PROPSYS.dll
0x00007ffcbaee0000 - 0x00007ffcbb002000 	C:\WINDOWS\SYSTEM32\AUDIOSES.DLL
0x00007ffcc46b0000 - 0x00007ffcc47e6000 	C:\WINDOWS\SYSTEM32\wintypes.dll
0x00007ffcc4270000 - 0x00007ffcc427a000 	C:\WINDOWS\SYSTEM32\AVRT.dll
0x00007ffcaffd0000 - 0x00007ffcb001f000 	C:\WINDOWS\system32\dataexchange.dll
0x00007ffcc5ca0000 - 0x00007ffcc5f81000 	C:\WINDOWS\system32\d3d11.dll
0x00007ffcc6070000 - 0x00007ffcc61b2000 	C:\WINDOWS\system32\dcomp.dll
0x00007ffcc72d0000 - 0x00007ffcc737f000 	C:\WINDOWS\system32\dxgi.dll
0x00007ffcc6e50000 - 0x00007ffcc6fcb000 	C:\WINDOWS\system32\twinapi.appcore.dll
0x00007ffcc6fd0000 - 0x00007ffcc6ff0000 	C:\WINDOWS\system32\RMCLIENT.dll
0x00007ffcc8000000 - 0x00007ffcc8025000 	C:\WINDOWS\system32\bcrypt.dll
0x00007ffcc52e0000 - 0x00007ffcc5314000 	C:\Program Files\Common Files\Microsoft Shared\Ink\rtscom.dll
0x00007ffcc52b0000 - 0x00007ffcc52d9000 	C:\Windows\System32\qasf.dll
0x00007ffcc6210000 - 0x00007ffcc621a000 	C:\Windows\System32\msdmo.dll
0x00007ffc9e0a0000 - 0x00007ffc9e2e9000 	C:\Windows\System32\WMVCore.DLL
0x00007ffcc39a0000 - 0x00007ffcc39f3000 	C:\Windows\System32\WMASF.DLL
0x00007ffcb6dd0000 - 0x00007ffcb6efc000 	C:\Windows\System32\mfperfhelper.dll
0x00007ffcacf20000 - 0x00007ffcad0d1000 	C:\WINDOWS\SYSTEM32\MFPlat.DLL
0x00007ffcb51e0000 - 0x00007ffcb5212000 	C:\WINDOWS\SYSTEM32\RTWorkQ.DLL
0x00007ffcc5050000 - 0x00007ffcc506d000 	C:\Windows\System32\mp3dmod.dll
0x00007ffca05e0000 - 0x00007ffca079c000 	C:\Windows\System32\quartz.dll
0x00007ffcbf390000 - 0x00007ffcbf497000 	C:\Windows\System32\Windows.UI.dll
0x00007ffcbf2f0000 - 0x00007ffcbf388000 	C:\Windows\System32\TextInputFramework.dll
0x00007ffcc3de0000 - 0x00007ffcc40ce000 	C:\Windows\System32\CoreUIComponents.dll
0x00007ffcc5f90000 - 0x00007ffcc606c000 	C:\Windows\System32\CoreMessaging.dll
0x00007ffcc7670000 - 0x00007ffcc76a1000 	C:\WINDOWS\SYSTEM32\ntmarta.dll

VM Arguments:
jvm_args: -javaagent:C:\Program Files\JetBrains\IntelliJ IDEA 2017.3.1\lib\idea_rt.jar=11622:C:\Program Files\JetBrains\IntelliJ IDEA 2017.3.1\bin -Dfile.encoding=UTF-8 
java_command: br.ufrpe.geekMart.gui.controller.Main
java_class_path (initial): C:\Program Files\Java\jdk1.8.0_141\jre\lib\charsets.jar;C:\Program Files\Java\jdk1.8.0_141\jre\lib\deploy.jar;C:\Program Files\Java\jdk1.8.0_141\jre\lib\ext\access-bridge-64.jar;C:\Program Files\Java\jdk1.8.0_141\jre\lib\ext\cldrdata.jar;C:\Program Files\Java\jdk1.8.0_141\jre\lib\ext\dnsns.jar;C:\Program Files\Java\jdk1.8.0_141\jre\lib\ext\jaccess.jar;C:\Program Files\Java\jdk1.8.0_141\jre\lib\ext\jfxrt.jar;C:\Program Files\Java\jdk1.8.0_141\jre\lib\ext\localedata.jar;C:\Program Files\Java\jdk1.8.0_141\jre\lib\ext\nashorn.jar;C:\Program Files\Java\jdk1.8.0_141\jre\lib\ext\sunec.jar;C:\Program Files\Java\jdk1.8.0_141\jre\lib\ext\sunjce_provider.jar;C:\Program Files\Java\jdk1.8.0_141\jre\lib\ext\sunmscapi.jar;C:\Program Files\Java\jdk1.8.0_141\jre\lib\ext\sunpkcs11.jar;C:\Program Files\Java\jdk1.8.0_141\jre\lib\ext\zipfs.jar;C:\Program Files\Java\jdk1.8.0_141\jre\lib\javaws.jar;C:\Program Files\Java\jdk1.8.0_141\jre\lib\jce.jar;C:\Program Files\Java\jdk1.8.0_141\jre\lib\jfr.jar;C:\Program Files\Java\jdk1.8.0_141\jre\lib\jfxswt.jar;C:\Program Files\Java\jdk1.8.0_141\jre\lib\jsse.jar;C:\Program Files\Java\jdk1.8.0_141\jre\lib\management-agent.jar;C:\Program Files\Java\jdk1.8.0_141\jre\lib\plugin.jar;C:\Program Files\Java\jdk1.8.0_141\jre\lib\resources.jar;C:\Program Files\Java\jdk1.8.0_141\jre\lib\rt.jar;C:\GMART\out\production\GeekMart;C:\Program Files\JetBrains\IntelliJ IDEA 2017.3.1\lib\idea_rt.jar
Launcher Type: SUN_STANDARD

Environment Variables:
JAVA_HOME=C:\Program Files\Java\jdk1.8.0_141
PATH=C:\Program Files (x86)\Inno Setup 5;C:\ProgramData\Oracle\Java\javapath;C:\Program Files (x86)\Intel\iCLS Client\;C:\Program Files\Intel\iCLS Client\;C:\WINDOWS\system32;C:\WINDOWS;C:\WINDOWS\System32\Wbem;C:\WINDOWS\System32\WindowsPowerShell\v1.0\;C:\Program Files\Intel\Intel(R) Management Engine Components\DAL;C:\Program Files\Intel\Intel(R) Management Engine Components\IPT;C:\Program Files (x86)\Intel\Intel(R) Management Engine Components\DAL;C:\Program Files (x86)\Intel\Intel(R) Management Engine Components\IPT;C:\Program Files (x86)\Intel\OpenCL SDK\2.0\bin\x86;C:\Program Files (x86)\Intel\OpenCL SDK\2.0\bin\x64;C:\Program Files\Condusiv Technologies\IntelliMemory\;C:\Program Files\Intel\WiFi\bin\;C:\Program Files\Common Files\Intel\WirelessCommon\;C:\Program Files\Java\jdk1.8.0_141\bin;C:\Program Files\Git\cmd;C:\Program Files (x86)\Skype\Phone\;C:\Program Files\Intel\WiFi\bin\;C:\Program Files\Common Files\Intel\WirelessCommon\;C:\Users\Huan Christopher\AppData\Local\Microsoft\WindowsApps;C:\Users\Huan Christopher\AppData\Roaming\Dashlane\4.6.8.26847\bin\Firefox_Extension\{442718d9-475e-452a-b3e1-fb1ee16b8e9f}\components;C:\Users\Huan Christopher\AppData\Local\GitHubDesktop\bin
USERNAME=Huan Christopher
OS=Windows_NT
PROCESSOR_IDENTIFIER=Intel64 Family 6 Model 58 Stepping 9, GenuineIntel



---------------  S Y S T E M  ---------------

OS: Windows 10.0 , 64 bit Build 16299 (10.0.16299.15)

CPU:total 8 (initial active 8) (4 cores per cpu, 2 threads per core) family 6 model 58 stepping 9, cmov, cx8, fxsr, mmx, sse, sse2, sse3, ssse3, sse4.1, sse4.2, popcnt, avx, aes, clmul, erms, ht, tsc, tscinvbit, tscinv

Memory: 4k page, physical 8273280k(1128248k free), swap 10321280k(6024k free)

vm_info: Java HotSpot(TM) 64-Bit Server VM (25.141-b15) for windows-amd64 JRE (1.8.0_141-b15), built on Jul 12 2017 04:25:12 by "java_re" with MS VC++ 10.0 (VS2010)

time: Tue Jan 30 11:43:13 2018
elapsed time: 16 seconds (0d 0h 0m 16s)

